[    1184ms] [INFO] %cDownload the React DevTools for a better development experience: https://react.dev/link/react-devtools font-weight:bold @ http://localhost:3000/_next/static/chunks/node_modules_next_dist_1ybzpk2._.js:2477
[    1515ms] [LOG] [HMR] connected @ http://localhost:3000/_next/static/chunks/node_modules_next_dist_1ybzpk2._.js:2477
[    1975ms] [ERROR] In HTML, %s cannot be a descendant of <%s>.
This will cause a hydration error.%s <a> a 

  ...
    <HTTPAccessFallbackBoundary notFound={<NotAllowedRootHTTPFallbackError>}>
      <HTTPAccessFallbackErrorBoundary pathname="/" notFound={<NotAllowedRootHTTPFallbackError>} forbidden={undefined} ...>
        <RedirectBoundary>
          <RedirectErrorBoundary router={{...}}>
            <Head>
            <__next_root_layout_boundary__>
              <SegmentViewNode type="layout" pagePath="layout.tsx">
                <SegmentTrieNode>
                <link>
                <script>
                <script>
                <script>
                <RootLayout>
                  <html lang="en" className="dark">
                    <body className="inter_89ae...">
                      <Navbar>
                        <header className="fixed top-...">
                          <div className="max-w-[128...">
                            <div className="flex items...">
                              <LinkComponent href="/" className="flex items...">
>                               <a
>                                 className="flex items-center gap-3 group"
>                                 ref={function}
>                                 onClick={function onClick}
>                                 onMouseEnter={function onMouseEnter}
>                                 onTouchStart={function onTouchStart}
>                                 href="/"
>                               >
                                  <div className="transition...">
                                    <Logo>
                                      <LinkComponent href="/" className="flex items...">
>                                       <a
>                                         className="flex items-center gap-2 group"
>                                         ref={function}
>                                         onClick={function onClick}
>                                         onMouseEnter={function onMouseEnter}
>                                         onTouchStart={function onTouchStart}
>                                         href="/"
>                                       >
                                  ...
                              ...
                          ...
                      ...
            ...
 @ http://localhost:3000/_next/static/chunks/node_modules_next_dist_1ybzpk2._.js:3318
[    1975ms] [ERROR] <%s> cannot contain a nested %s.
See this log for the ancestor stack trace. a <a> @ http://localhost:3000/_next/static/chunks/node_modules_next_dist_1ybzpk2._.js:3318
[    2315ms] Error: Hydration failed because the server rendered HTML didn't match the client. As a result this tree will be regenerated on the client. This can happen if a SSR-ed Client Component used:

- A server/client branch `if (typeof window !== 'undefined')`.
- Variable input such as `Date.now()` or `Math.random()` which changes each time it's called.
- Date formatting in a user's locale which doesn't match the server.
- External changing data without sending a snapshot of it along with the HTML.
- Invalid HTML tag nesting.

It can also happen if the client has a browser extension installed which messes with the HTML before React loaded.

https://react.dev/link/hydration-mismatch

  ...
    <HTTPAccessFallbackErrorBoundary pathname="/" notFound={<NotAllowedRootHTTPFallbackError>} forbidden={undefined} ...>
      <RedirectBoundary>
        <RedirectErrorBoundary router={{...}}>
          <Head>
          <__next_root_layout_boundary__>
            <SegmentViewNode type="layout" pagePath="layout.tsx">
              <SegmentTrieNode>
              <link>
              <script>
              <script>
              <script>
              <RootLayout>
                <html lang="en" className="dark">
                  <body className="inter_89ae...">
                    <Navbar>
                      <header className="fixed top-...">
                        <div className="max-w-[128...">
                          <div className="flex items...">
                            <LinkComponent href="/" className="flex items...">
                              <a className="flex items..." ref={function} onClick={function onClick} ...>
+                               <div className="transition-transform duration-300 group-hover:scale-105">
                                ...
                            ...
                        ...
                    ...
          ...

    at throwOnHydrationMismatch (http://localhost:3000/_next/static/chunks/node_modules_next_dist_compiled_react-dom_096_9a-._.js:3318:56)
    at beginWork (http://localhost:3000/_next/static/chunks/node_modules_next_dist_compiled_react-dom_096_9a-._.js:6758:918)
    at runWithFiberInDEV (http://localhost:3000/_next/static/chunks/node_modules_next_dist_compiled_react-dom_096_9a-._.js:965:74)
    at performUnitOfWork (http://localhost:3000/_next/static/chunks/node_modules_next_dist_compiled_react-dom_096_9a-._.js:9555:97)
    at workLoopConcurrentByScheduler (http://localhost:3000/_next/static/chunks/node_modules_next_dist_compiled_react-dom_096_9a-._.js:9551:58)
    at renderRootConcurrent (http://localhost:3000/_next/static/chunks/node_modules_next_dist_compiled_react-dom_096_9a-._.js:9534:71)
    at performWorkOnRoot (http://localhost:3000/_next/static/chunks/node_modules_next_dist_compiled_react-dom_096_9a-._.js:9061:150)
    at performWorkOnRootViaSchedulerTask (http://localhost:3000/_next/static/chunks/node_modules_next_dist_compiled_react-dom_096_9a-._.js:10255:9)
    at MessagePort.performWorkUntilDeadline (http://localhost:3000/_next/static/chunks/node_modules_next_dist_compiled_1amofcm._.js:2647:64)
[   49668ms] [LOG] [Fast Refresh] rebuilding @ http://localhost:3000/_next/static/chunks/node_modules_next_dist_1ybzpk2._.js:2477
[   50920ms] [LOG] [Fast Refresh] done in 1337ms @ http://localhost:3000/_next/static/chunks/node_modules_next_dist_1ybzpk2._.js:2477
[   51045ms] [LOG] [Fast Refresh] rebuilding @ http://localhost:3000/_next/static/chunks/node_modules_next_dist_1ybzpk2._.js:2477
[   51434ms] [LOG] [Fast Refresh] done in 512ms @ http://localhost:3000/_next/static/chunks/node_modules_next_dist_1ybzpk2._.js:2477
