2026-07-12 21:25:03,086 [INFO] 
2026-07-12 21:25:03,086 [INFO] 
2026-07-12 21:25:03,086 [INFO] ============================================================
2026-07-12 21:25:03,086 [INFO] AUTO UPDATE PIPELINE — 2026-07-12 21:25:03
2026-07-12 21:25:03,086 [INFO] ============================================================
2026-07-12 21:25:03,092 [INFO] ============================================================
2026-07-12 21:25:03,092 [INFO] START: Player Stats (batting + bowling)
2026-07-12 21:25:03,092 [INFO] ============================================================
2026-07-12 21:25:17,521 [INFO] Found 61 teams
2026-07-12 21:25:20,602 [INFO] Batting records: 1553, Bowling records: 985
2026-07-12 21:25:28,666 [INFO] FINISH: Player Stats (batting + bowling) — OK
2026-07-12 21:25:28,666 [INFO] ============================================================
2026-07-12 21:25:28,666 [INFO] START: Keeper Stats (pipeline)
2026-07-12 21:25:28,666 [INFO] ============================================================
2026-07-12 21:29:18,057 [INFO] Appended 293 keeper rows to reports/WicketKeepers_latest.xlsx
2026-07-12 21:29:30,272 [INFO] Uploaded keeper data. Total processed matches: 147
2026-07-12 21:29:30,276 [INFO] FINISH: Keeper Stats (pipeline) — OK
2026-07-12 21:29:30,276 [INFO] ============================================================
2026-07-12 21:29:30,276 [INFO] START: Google Sheet sync
2026-07-12 21:29:30,276 [INFO] ============================================================
2026-07-12 21:29:42,371 [INFO] Google Sheet synced (445 unique players)
2026-07-12 21:29:42,375 [INFO] FINISH: Google Sheet sync — OK
2026-07-12 21:29:42,375 [INFO] ============================================================
2026-07-12 21:29:42,375 [INFO] START: Email daily report
2026-07-12 21:29:42,377 [INFO] ============================================================
2026-07-12 21:29:49,798 [INFO] Email sent to Sureshkutam@gmail.com
2026-07-12 21:29:49,798 [INFO] FINISH: Email daily report — OK
2026-07-12 21:29:49,798 [INFO] ============================================================
2026-07-12 21:29:49,798 [INFO] PIPELINE COMPLETE
2026-07-12 21:29:49,798 [INFO] Log saved to: reports/auto_update_20260712.log
2026-07-12 21:29:49,798 [INFO] ============================================================
2026-07-12 21:29:49,870 [INFO] Opened Excel: C:\Users\Lenovo\Desktop\test.py\reports\WicketKeepers_latest.xlsx
