2026-07-22 23:30:06,994 [INFO] 
2026-07-22 23:30:06,994 [INFO] 
2026-07-22 23:30:06,994 [INFO] ============================================================
2026-07-22 23:30:06,994 [INFO] AUTO UPDATE PIPELINE — 2026-07-22 23:30:06
2026-07-22 23:30:07,011 [INFO] ============================================================
2026-07-22 23:30:07,011 [INFO] ============================================================
2026-07-22 23:30:07,011 [INFO] START: Player Stats (batting + bowling)
2026-07-22 23:30:07,011 [INFO] ============================================================
2026-07-22 23:30:25,404 [INFO] Found 61 teams
2026-07-22 23:30:29,727 [INFO] Batting records: 1555, Bowling records: 988
2026-07-22 23:30:43,279 [INFO] FINISH: Player Stats (batting + bowling) — OK
2026-07-22 23:30:43,279 [INFO] ============================================================
2026-07-22 23:30:43,279 [INFO] START: Keeper Stats (pipeline)
2026-07-22 23:30:43,279 [INFO] ============================================================
2026-07-22 23:34:30,256 [INFO] Appended 299 keeper rows to reports/WicketKeepers_latest.xlsx
2026-07-22 23:34:42,924 [INFO] Uploaded keeper data. Total processed matches: 150
2026-07-22 23:34:42,924 [INFO] FINISH: Keeper Stats (pipeline) — OK
2026-07-22 23:34:42,924 [INFO] ============================================================
2026-07-22 23:34:42,924 [INFO] START: Google Sheet sync
2026-07-22 23:34:42,924 [INFO] ============================================================
2026-07-22 23:34:53,708 [INFO] Google Sheet synced (451 unique players)
2026-07-22 23:34:53,708 [INFO] FINISH: Google Sheet sync — OK
2026-07-22 23:34:53,711 [INFO] ============================================================
2026-07-22 23:34:53,711 [INFO] START: Email daily report
2026-07-22 23:34:53,711 [INFO] ============================================================
2026-07-22 23:35:02,284 [INFO] Email sent to Sureshkutam@gmail.com
2026-07-22 23:35:02,284 [INFO] FINISH: Email daily report — OK
2026-07-22 23:35:02,284 [INFO] ============================================================
2026-07-22 23:35:02,284 [INFO] PIPELINE COMPLETE
2026-07-22 23:35:02,284 [INFO] Log saved to: reports/auto_update_20260722.log
2026-07-22 23:35:02,284 [INFO] ============================================================
2026-07-22 23:35:02,318 [INFO] Opened Excel: C:\Users\Lenovo\Desktop\test.py\reports\WicketKeepers_latest.xlsx
