2026-07-04 21:25:02,569 [INFO] 
2026-07-04 21:25:02,569 [INFO] 
2026-07-04 21:25:02,569 [INFO] ============================================================
2026-07-04 21:25:02,569 [INFO] AUTO UPDATE PIPELINE — 2026-07-04 21:25:02
2026-07-04 21:25:02,582 [INFO] ============================================================
2026-07-04 21:25:02,582 [INFO] ============================================================
2026-07-04 21:25:02,582 [INFO] START: Player Stats (batting + bowling)
2026-07-04 21:25:02,582 [INFO] ============================================================
2026-07-04 21:25:05,905 [INFO] Found 61 teams
2026-07-04 21:25:07,802 [INFO] Batting records: 1513, Bowling records: 939
2026-07-04 21:25:14,072 [INFO] FINISH: Player Stats (batting + bowling) — OK
2026-07-04 21:25:14,072 [INFO] ============================================================
2026-07-04 21:25:14,074 [INFO] START: Keeper Stats (pipeline)
2026-07-04 21:25:14,074 [INFO] ============================================================
2026-07-04 21:26:22,579 [INFO] Appended 251 keeper rows to reports/WicketKeepers_latest.xlsx
2026-07-04 21:26:29,911 [INFO] Uploaded keeper data. Total processed matches: 126
2026-07-04 21:26:29,911 [INFO] FINISH: Keeper Stats (pipeline) — OK
2026-07-04 21:26:29,911 [INFO] ============================================================
2026-07-04 21:26:29,911 [INFO] START: Google Sheet sync
2026-07-04 21:26:29,911 [INFO] ============================================================
2026-07-04 21:26:35,005 [INFO] Google Sheet synced (403 unique players)
2026-07-04 21:26:35,005 [INFO] FINISH: Google Sheet sync — OK
2026-07-04 21:26:35,005 [INFO] ============================================================
2026-07-04 21:26:35,005 [INFO] START: Email daily report
2026-07-04 21:26:35,005 [INFO] ============================================================
2026-07-04 21:26:42,578 [INFO] Email sent to Sureshkutam@gmail.com
2026-07-04 21:26:42,578 [INFO] FINISH: Email daily report — OK
2026-07-04 21:26:42,586 [INFO] ============================================================
2026-07-04 21:26:42,586 [INFO] PIPELINE COMPLETE
2026-07-04 21:26:42,587 [INFO] Log saved to: reports/auto_update_20260704.log
2026-07-04 21:26:42,587 [INFO] ============================================================
2026-07-04 21:26:42,652 [INFO] Opened Excel: C:\Users\Lenovo\Desktop\test.py\reports\WicketKeepers_latest.xlsx
