2026-07-16 21:25:03,794 [INFO] 
2026-07-16 21:25:03,796 [INFO] 
2026-07-16 21:25:03,796 [INFO] ============================================================
2026-07-16 21:25:03,797 [INFO] AUTO UPDATE PIPELINE — 2026-07-16 21:25:03
2026-07-16 21:25:03,804 [INFO] ============================================================
2026-07-16 21:25:03,805 [INFO] ============================================================
2026-07-16 21:25:03,805 [INFO] START: Player Stats (batting + bowling)
2026-07-16 21:25:03,806 [INFO] ============================================================
2026-07-16 21:25:16,764 [INFO] Found 61 teams
2026-07-16 21:25:25,931 [INFO] Batting records: 1555, Bowling records: 988
2026-07-16 21:25:33,688 [INFO] FINISH: Player Stats (batting + bowling) — OK
2026-07-16 21:25:33,688 [INFO] ============================================================
2026-07-16 21:25:33,688 [INFO] START: Keeper Stats (pipeline)
2026-07-16 21:25:33,688 [INFO] ============================================================
2026-07-16 21:38:15,479 [INFO] Appended 299 keeper rows to reports/WicketKeepers_latest.xlsx
2026-07-16 21:38:26,062 [INFO] Uploaded keeper data. Total processed matches: 150
2026-07-16 21:38:26,064 [INFO] FINISH: Keeper Stats (pipeline) — OK
2026-07-16 21:38:26,064 [INFO] ============================================================
2026-07-16 21:38:26,064 [INFO] START: Google Sheet sync
2026-07-16 21:38:26,064 [INFO] ============================================================
2026-07-16 21:38:34,365 [INFO] Google Sheet synced (451 unique players)
2026-07-16 21:38:34,365 [INFO] FINISH: Google Sheet sync — OK
2026-07-16 21:38:34,365 [INFO] ============================================================
2026-07-16 21:38:34,365 [INFO] START: Email daily report
2026-07-16 21:38:34,365 [INFO] ============================================================
2026-07-16 21:38:44,097 [INFO] Email sent to Sureshkutam@gmail.com
2026-07-16 21:38:44,097 [INFO] FINISH: Email daily report — OK
2026-07-16 21:38:44,097 [INFO] ============================================================
2026-07-16 21:38:44,097 [INFO] PIPELINE COMPLETE
2026-07-16 21:38:44,097 [INFO] Log saved to: reports/auto_update_20260716.log
2026-07-16 21:38:44,097 [INFO] ============================================================
2026-07-16 21:38:44,112 [INFO] Opened Excel: C:\Users\Lenovo\Desktop\test.py\reports\WicketKeepers_latest.xlsx
