2026-06-28 21:25:04,216 [INFO] 
2026-06-28 21:25:04,216 [INFO] 
2026-06-28 21:25:04,216 [INFO] ============================================================
2026-06-28 21:25:04,216 [INFO] AUTO UPDATE PIPELINE — 2026-06-28 21:25:04
2026-06-28 21:25:04,216 [INFO] ============================================================
2026-06-28 21:25:04,216 [INFO] ============================================================
2026-06-28 21:25:04,216 [INFO] START: Player Stats (batting + bowling)
2026-06-28 21:25:04,216 [INFO] ============================================================
2026-06-28 21:25:21,172 [INFO] Found 61 teams
2026-06-28 21:25:27,385 [INFO] Batting records: 1427, Bowling records: 871
2026-06-28 21:25:38,551 [INFO] FINISH: Player Stats (batting + bowling) — OK
2026-06-28 21:25:38,551 [INFO] ============================================================
2026-06-28 21:25:38,551 [INFO] START: Keeper Stats (pipeline)
2026-06-28 21:25:38,551 [INFO] ============================================================
2026-06-28 21:30:04,686 [INFO] Appended 217 keeper rows to reports/WicketKeepers_latest.xlsx
2026-06-28 21:30:13,131 [INFO] Uploaded keeper data. Total processed matches: 109
2026-06-28 21:30:13,131 [INFO] FINISH: Keeper Stats (pipeline) — OK
2026-06-28 21:30:13,131 [INFO] ============================================================
2026-06-28 21:30:13,131 [INFO] START: Google Sheet sync
2026-06-28 21:30:13,131 [INFO] ============================================================
2026-06-28 21:30:21,104 [INFO] Google Sheet synced (369 unique players)
2026-06-28 21:30:21,107 [INFO] FINISH: Google Sheet sync — OK
2026-06-28 21:30:21,109 [INFO] ============================================================
2026-06-28 21:30:21,109 [INFO] START: Email daily report
2026-06-28 21:30:21,109 [INFO] ============================================================
2026-06-28 21:30:30,068 [INFO] Email sent to Sureshkutam@gmail.com
2026-06-28 21:30:30,081 [INFO] FINISH: Email daily report — OK
2026-06-28 21:30:30,081 [INFO] ============================================================
2026-06-28 21:30:30,081 [INFO] PIPELINE COMPLETE
2026-06-28 21:30:30,081 [INFO] Log saved to: reports/auto_update_20260628.log
2026-06-28 21:30:30,081 [INFO] ============================================================
2026-06-28 21:30:30,175 [INFO] Opened Excel: C:\Users\Lenovo\Desktop\test.py\reports\WicketKeepers_latest.xlsx
