2026-07-10 22:18:12,770 [INFO] 
2026-07-10 22:18:12,774 [INFO] 
2026-07-10 22:18:12,774 [INFO] ============================================================
2026-07-10 22:18:12,774 [INFO] AUTO UPDATE PIPELINE — 2026-07-10 22:18:12
2026-07-10 22:18:12,774 [INFO] ============================================================
2026-07-10 22:18:12,774 [INFO] ============================================================
2026-07-10 22:18:12,774 [INFO] START: Player Stats (batting + bowling)
2026-07-10 22:18:12,774 [INFO] ============================================================
2026-07-10 22:18:30,179 [INFO] Found 61 teams
2026-07-10 22:18:35,257 [INFO] Batting records: 1539, Bowling records: 974
2026-07-10 22:18:44,082 [INFO] FINISH: Player Stats (batting + bowling) — OK
2026-07-10 22:18:44,082 [INFO] ============================================================
2026-07-10 22:18:44,082 [INFO] START: Keeper Stats (pipeline)
2026-07-10 22:18:44,082 [INFO] ============================================================
2026-07-10 22:22:22,432 [INFO] Appended 285 keeper rows to reports/WicketKeepers_latest.xlsx
2026-07-10 22:22:32,241 [INFO] Uploaded keeper data. Total processed matches: 143
2026-07-10 22:22:32,241 [INFO] FINISH: Keeper Stats (pipeline) — OK
2026-07-10 22:22:32,242 [INFO] ============================================================
2026-07-10 22:22:32,242 [INFO] START: Google Sheet sync
2026-07-10 22:22:32,242 [INFO] ============================================================
2026-07-10 22:22:38,962 [INFO] Google Sheet synced (437 unique players)
2026-07-10 22:22:38,962 [INFO] FINISH: Google Sheet sync — OK
2026-07-10 22:22:38,962 [INFO] ============================================================
2026-07-10 22:22:38,962 [INFO] START: Email daily report
2026-07-10 22:22:38,962 [INFO] ============================================================
2026-07-10 22:22:45,995 [INFO] Email sent to Sureshkutam@gmail.com
2026-07-10 22:22:45,995 [INFO] FINISH: Email daily report — OK
2026-07-10 22:22:46,002 [INFO] ============================================================
2026-07-10 22:22:46,002 [INFO] PIPELINE COMPLETE
2026-07-10 22:22:46,002 [INFO] Log saved to: reports/auto_update_20260710.log
2026-07-10 22:22:46,002 [INFO] ============================================================
2026-07-10 22:22:46,042 [INFO] Opened Excel: C:\Users\Lenovo\Desktop\test.py\reports\WicketKeepers_latest.xlsx
2026-07-10 22:25:20,411 [INFO] 
2026-07-10 22:25:20,411 [INFO] 
2026-07-10 22:25:20,411 [INFO] ============================================================
2026-07-10 22:25:20,412 [INFO] AUTO UPDATE PIPELINE — 2026-07-10 22:25:20
2026-07-10 22:25:20,412 [INFO] ============================================================
2026-07-10 22:25:20,412 [INFO] ============================================================
2026-07-10 22:25:20,413 [INFO] START: Player Stats (batting + bowling)
2026-07-10 22:25:20,413 [INFO] ============================================================
2026-07-10 22:25:22,890 [INFO] Found 61 teams
2026-07-10 22:25:24,623 [INFO] Batting records: 1539, Bowling records: 974
2026-07-10 22:25:28,011 [INFO] FINISH: Player Stats (batting + bowling) — OK
2026-07-10 22:25:28,011 [INFO] ============================================================
2026-07-10 22:25:28,012 [INFO] START: Keeper Stats (pipeline)
2026-07-10 22:25:28,012 [INFO] ============================================================
2026-07-10 22:26:53,969 [INFO] Appended 285 keeper rows to reports/WicketKeepers_latest.xlsx
2026-07-10 22:27:00,563 [INFO] Uploaded keeper data. Total processed matches: 143
2026-07-10 22:27:00,563 [INFO] FINISH: Keeper Stats (pipeline) — OK
2026-07-10 22:27:00,563 [INFO] ============================================================
2026-07-10 22:27:00,563 [INFO] START: Google Sheet sync
2026-07-10 22:27:00,563 [INFO] ============================================================
2026-07-10 22:27:05,831 [INFO] Google Sheet synced (437 unique players)
2026-07-10 22:27:05,833 [INFO] FINISH: Google Sheet sync — OK
2026-07-10 22:27:05,833 [INFO] ============================================================
2026-07-10 22:27:05,833 [INFO] START: Email daily report
2026-07-10 22:27:05,833 [INFO] ============================================================
2026-07-10 22:27:12,531 [INFO] Email sent to Sureshkutam@gmail.com
2026-07-10 22:27:12,532 [INFO] FINISH: Email daily report — OK
2026-07-10 22:27:12,532 [INFO] ============================================================
2026-07-10 22:27:12,532 [INFO] PIPELINE COMPLETE
2026-07-10 22:27:12,532 [INFO] Log saved to: reports/auto_update_20260710.log
2026-07-10 22:27:12,532 [INFO] ============================================================
2026-07-10 22:27:12,550 [INFO] Opened Excel: C:\Users\Lenovo\Desktop\test.py\reports\WicketKeepers_latest.xlsx
