2026-07-03 21:27:10,657 [INFO] 
2026-07-03 21:27:10,657 [INFO] 
2026-07-03 21:27:10,657 [INFO] ============================================================
2026-07-03 21:27:10,657 [INFO] AUTO UPDATE PIPELINE — 2026-07-03 21:27:10
2026-07-03 21:27:10,660 [INFO] ============================================================
2026-07-03 21:27:10,660 [INFO] ============================================================
2026-07-03 21:27:10,660 [INFO] START: Player Stats (batting + bowling)
2026-07-03 21:27:10,660 [INFO] ============================================================
2026-07-03 21:27:29,901 [INFO] Found 61 teams
2026-07-03 21:27:32,148 [INFO] Batting records: 1512, Bowling records: 938
2026-07-03 21:27:40,252 [INFO] FINISH: Player Stats (batting + bowling) — OK
2026-07-03 21:27:40,253 [INFO] ============================================================
2026-07-03 21:27:40,253 [INFO] START: Keeper Stats (pipeline)
2026-07-03 21:27:40,253 [INFO] ============================================================
2026-07-03 21:31:01,970 [INFO] Appended 249 keeper rows to reports/WicketKeepers_latest.xlsx
2026-07-03 21:31:12,743 [INFO] Uploaded keeper data. Total processed matches: 125
2026-07-03 21:31:12,751 [INFO] FINISH: Keeper Stats (pipeline) — OK
2026-07-03 21:31:12,751 [INFO] ============================================================
2026-07-03 21:31:12,751 [INFO] START: Google Sheet sync
2026-07-03 21:31:12,751 [INFO] ============================================================
2026-07-03 21:31:20,252 [INFO] Google Sheet synced (401 unique players)
2026-07-03 21:31:20,252 [INFO] FINISH: Google Sheet sync — OK
2026-07-03 21:31:20,252 [INFO] ============================================================
2026-07-03 21:31:20,252 [INFO] START: Email daily report
2026-07-03 21:31:20,252 [INFO] ============================================================
2026-07-03 21:31:28,534 [INFO] Email sent to Sureshkutam@gmail.com
2026-07-03 21:31:28,534 [INFO] FINISH: Email daily report — OK
2026-07-03 21:31:28,534 [INFO] ============================================================
2026-07-03 21:31:28,534 [INFO] PIPELINE COMPLETE
2026-07-03 21:31:28,534 [INFO] Log saved to: reports/auto_update_20260703.log
2026-07-03 21:31:28,542 [INFO] ============================================================
2026-07-03 21:31:28,598 [INFO] Opened Excel: C:\Users\Lenovo\Desktop\test.py\reports\WicketKeepers_latest.xlsx
