2026-07-17 21:25:03,845 [INFO] 
2026-07-17 21:25:03,861 [INFO] 
2026-07-17 21:25:03,861 [INFO] ============================================================
2026-07-17 21:25:03,861 [INFO] AUTO UPDATE PIPELINE — 2026-07-17 21:25:03
2026-07-17 21:25:03,871 [INFO] ============================================================
2026-07-17 21:25:03,871 [INFO] ============================================================
2026-07-17 21:25:03,871 [INFO] START: Player Stats (batting + bowling)
2026-07-17 21:25:03,871 [INFO] ============================================================
2026-07-17 21:25:16,655 [INFO] Found 61 teams
2026-07-17 21:25:19,274 [INFO] Batting records: 1555, Bowling records: 988
2026-07-17 21:25:26,008 [INFO] FINISH: Player Stats (batting + bowling) — OK
2026-07-17 21:25:26,008 [INFO] ============================================================
2026-07-17 21:25:26,008 [INFO] START: Keeper Stats (pipeline)
2026-07-17 21:25:26,008 [INFO] ============================================================
2026-07-17 21:28:27,788 [INFO] Appended 299 keeper rows to reports/WicketKeepers_latest.xlsx
2026-07-17 21:28:39,024 [INFO] Uploaded keeper data. Total processed matches: 150
2026-07-17 21:28:39,024 [INFO] FINISH: Keeper Stats (pipeline) — OK
2026-07-17 21:28:39,024 [INFO] ============================================================
2026-07-17 21:28:39,024 [INFO] START: Google Sheet sync
2026-07-17 21:28:39,024 [INFO] ============================================================
2026-07-17 21:28:44,827 [INFO] Google Sheet synced (451 unique players)
2026-07-17 21:28:44,827 [INFO] FINISH: Google Sheet sync — OK
2026-07-17 21:28:44,827 [INFO] ============================================================
2026-07-17 21:28:44,827 [INFO] START: Email daily report
2026-07-17 21:28:44,827 [INFO] ============================================================
2026-07-17 21:28:52,222 [INFO] Email sent to Sureshkutam@gmail.com
2026-07-17 21:28:52,238 [INFO] FINISH: Email daily report — OK
2026-07-17 21:28:52,238 [INFO] ============================================================
2026-07-17 21:28:52,238 [INFO] PIPELINE COMPLETE
2026-07-17 21:28:52,238 [INFO] Log saved to: reports/auto_update_20260717.log
2026-07-17 21:28:52,238 [INFO] ============================================================
2026-07-17 21:28:52,255 [INFO] Opened Excel: C:\Users\Lenovo\Desktop\test.py\reports\WicketKeepers_latest.xlsx
