2026-07-21 21:59:23,167 [INFO] 
2026-07-21 21:59:23,167 [INFO] 
2026-07-21 21:59:23,167 [INFO] ============================================================
2026-07-21 21:59:23,167 [INFO] AUTO UPDATE PIPELINE — 2026-07-21 21:59:23
2026-07-21 21:59:23,167 [INFO] ============================================================
2026-07-21 21:59:23,170 [INFO] ============================================================
2026-07-21 21:59:23,170 [INFO] START: Player Stats (batting + bowling)
2026-07-21 21:59:23,170 [INFO] ============================================================
2026-07-21 21:59:42,368 [INFO] Found 61 teams
2026-07-21 21:59:44,967 [INFO] Batting records: 1555, Bowling records: 988
2026-07-21 21:59:54,025 [INFO] FINISH: Player Stats (batting + bowling) — OK
2026-07-21 21:59:54,025 [INFO] ============================================================
2026-07-21 21:59:54,025 [INFO] START: Keeper Stats (pipeline)
2026-07-21 21:59:54,025 [INFO] ============================================================
2026-07-21 22:01:59,267 [INFO] Appended 299 keeper rows to reports/WicketKeepers_latest.xlsx
2026-07-21 22:02:08,677 [INFO] Uploaded keeper data. Total processed matches: 150
2026-07-21 22:02:08,677 [INFO] FINISH: Keeper Stats (pipeline) — OK
2026-07-21 22:02:08,677 [INFO] ============================================================
2026-07-21 22:02:08,677 [INFO] START: Google Sheet sync
2026-07-21 22:02:08,677 [INFO] ============================================================
2026-07-21 22:02:16,750 [INFO] Google Sheet synced (451 unique players)
2026-07-21 22:02:16,752 [INFO] FINISH: Google Sheet sync — OK
2026-07-21 22:02:16,752 [INFO] ============================================================
2026-07-21 22:02:16,752 [INFO] START: Email daily report
2026-07-21 22:02:16,754 [INFO] ============================================================
2026-07-21 22:02:25,458 [INFO] Email sent to Sureshkutam@gmail.com
2026-07-21 22:02:25,458 [INFO] FINISH: Email daily report — OK
2026-07-21 22:02:25,458 [INFO] ============================================================
2026-07-21 22:02:25,458 [INFO] PIPELINE COMPLETE
2026-07-21 22:02:25,458 [INFO] Log saved to: reports/auto_update_20260721.log
2026-07-21 22:02:25,468 [INFO] ============================================================
2026-07-21 22:02:25,541 [INFO] Opened Excel: C:\Users\Lenovo\Desktop\test.py\reports\WicketKeepers_latest.xlsx
