2026-07-14 21:25:05,579 [INFO] 
2026-07-14 21:25:05,579 [INFO] 
2026-07-14 21:25:05,579 [INFO] ============================================================
2026-07-14 21:25:05,579 [INFO] AUTO UPDATE PIPELINE — 2026-07-14 21:25:05
2026-07-14 21:25:05,579 [INFO] ============================================================
2026-07-14 21:25:05,579 [INFO] ============================================================
2026-07-14 21:25:05,579 [INFO] START: Player Stats (batting + bowling)
2026-07-14 21:25:05,579 [INFO] ============================================================
2026-07-14 21:25:22,911 [INFO] Found 61 teams
2026-07-14 21:25:26,980 [INFO] Batting records: 1555, Bowling records: 987
2026-07-14 21:25:38,852 [INFO] FINISH: Player Stats (batting + bowling) — OK
2026-07-14 21:25:38,854 [INFO] ============================================================
2026-07-14 21:25:38,854 [INFO] START: Keeper Stats (pipeline)
2026-07-14 21:25:38,854 [INFO] ============================================================
2026-07-14 21:29:53,003 [INFO] Appended 297 keeper rows to reports/WicketKeepers_latest.xlsx
2026-07-14 21:30:03,108 [INFO] Uploaded keeper data. Total processed matches: 149
2026-07-14 21:30:03,108 [INFO] FINISH: Keeper Stats (pipeline) — OK
2026-07-14 21:30:03,108 [INFO] ============================================================
2026-07-14 21:30:03,108 [INFO] START: Google Sheet sync
2026-07-14 21:30:03,108 [INFO] ============================================================
2026-07-14 21:30:08,970 [INFO] Google Sheet synced (449 unique players)
2026-07-14 21:30:08,970 [INFO] FINISH: Google Sheet sync — OK
2026-07-14 21:30:08,972 [INFO] ============================================================
2026-07-14 21:30:08,972 [INFO] START: Email daily report
2026-07-14 21:30:08,972 [INFO] ============================================================
2026-07-14 21:30:17,589 [INFO] Email sent to Sureshkutam@gmail.com
2026-07-14 21:30:17,589 [INFO] FINISH: Email daily report — OK
2026-07-14 21:30:17,589 [INFO] ============================================================
2026-07-14 21:30:17,601 [INFO] PIPELINE COMPLETE
2026-07-14 21:30:17,601 [INFO] Log saved to: reports/auto_update_20260714.log
2026-07-14 21:30:17,601 [INFO] ============================================================
2026-07-14 21:30:17,666 [INFO] Opened Excel: C:\Users\Lenovo\Desktop\test.py\reports\WicketKeepers_latest.xlsx
