2026-06-29 21:38:49,307 [INFO] 
2026-06-29 21:38:49,307 [INFO] 
2026-06-29 21:38:49,307 [INFO] ============================================================
2026-06-29 21:38:49,307 [INFO] AUTO UPDATE PIPELINE — 2026-06-29 21:38:49
2026-06-29 21:38:49,307 [INFO] Mode: TODAY'S MATCHES ONLY
2026-06-29 21:38:49,307 [INFO] ============================================================
2026-06-29 21:38:49,307 [INFO] ============================================================
2026-06-29 21:38:49,307 [INFO] START: Player Stats (batting + bowling)
2026-06-29 21:38:49,307 [INFO] ============================================================
2026-06-29 21:38:59,501 [INFO] Found 61 teams
2026-06-29 21:39:02,519 [INFO] Batting records: 1427, Bowling records: 871
2026-06-29 21:39:13,447 [INFO] FINISH: Player Stats (batting + bowling) — OK
2026-06-29 21:39:13,448 [INFO] ============================================================
2026-06-29 21:39:13,448 [INFO] START: Keeper Stats (pipeline)
2026-06-29 21:39:13,448 [INFO] ============================================================
2026-06-29 21:39:17,909 [INFO] No keeper rows found
2026-06-29 21:39:17,909 [INFO] FINISH: Keeper Stats (pipeline) — OK
2026-06-29 21:39:17,909 [INFO] ============================================================
2026-06-29 21:39:17,913 [INFO] START: Google Sheet sync
2026-06-29 21:39:17,914 [INFO] ============================================================
2026-06-29 21:39:24,472 [INFO] Google Sheet synced (369 unique players)
2026-06-29 21:39:24,472 [INFO] FINISH: Google Sheet sync — OK
2026-06-29 21:39:24,472 [INFO] ============================================================
2026-06-29 21:39:24,472 [INFO] PIPELINE COMPLETE
2026-06-29 21:39:24,472 [INFO] Log saved to: reports/auto_update_20260629.log
2026-06-29 21:39:24,474 [INFO] ============================================================
2026-06-29 21:40:05,785 [INFO] 
2026-06-29 21:40:05,785 [INFO] 
2026-06-29 21:40:05,785 [INFO] ============================================================
2026-06-29 21:40:05,785 [INFO] AUTO UPDATE PIPELINE — 2026-06-29 21:40:05
2026-06-29 21:40:05,785 [INFO] Mode: TODAY'S MATCHES ONLY
2026-06-29 21:40:05,785 [INFO] ============================================================
2026-06-29 21:40:05,785 [INFO] ============================================================
2026-06-29 21:40:05,785 [INFO] START: Player Stats (batting + bowling)
2026-06-29 21:40:05,785 [INFO] ============================================================
2026-06-29 21:40:08,258 [INFO] Found 61 teams
2026-06-29 21:40:10,266 [INFO] Batting records: 1427, Bowling records: 871
2026-06-29 21:40:13,375 [INFO] FINISH: Player Stats (batting + bowling) — OK
2026-06-29 21:40:13,375 [INFO] ============================================================
2026-06-29 21:40:13,375 [INFO] START: Keeper Stats (pipeline)
2026-06-29 21:40:13,375 [INFO] ============================================================
2026-06-29 21:40:14,447 [INFO] No keeper rows found
2026-06-29 21:40:14,447 [INFO] FINISH: Keeper Stats (pipeline) — OK
2026-06-29 21:40:14,447 [INFO] ============================================================
2026-06-29 21:40:14,447 [INFO] START: Google Sheet sync
2026-06-29 21:40:14,447 [INFO] ============================================================
2026-06-29 21:40:19,558 [INFO] Google Sheet synced (369 unique players)
2026-06-29 21:40:19,558 [INFO] FINISH: Google Sheet sync — OK
2026-06-29 21:40:19,558 [INFO] ============================================================
2026-06-29 21:40:19,560 [INFO] START: Email daily report
2026-06-29 21:40:19,560 [INFO] ============================================================
2026-06-29 21:40:27,001 [INFO] Email sent to Sureshkutam@gmail.com
2026-06-29 21:40:27,001 [INFO] FINISH: Email daily report — OK
2026-06-29 21:40:27,001 [INFO] ============================================================
2026-06-29 21:40:27,001 [INFO] PIPELINE COMPLETE
2026-06-29 21:40:27,002 [INFO] Log saved to: reports/auto_update_20260629.log
2026-06-29 21:40:27,002 [INFO] ============================================================
2026-06-29 21:40:27,048 [INFO] Opened Excel: C:\Users\Lenovo\Desktop\test.py\reports\WicketKeepers_latest.xlsx
2026-06-29 21:43:32,621 [INFO] 
2026-06-29 21:43:32,625 [INFO] 
2026-06-29 21:43:32,625 [INFO] ============================================================
2026-06-29 21:43:32,625 [INFO] AUTO UPDATE PIPELINE — 2026-06-29 21:43:32
2026-06-29 21:43:32,629 [INFO] ============================================================
2026-06-29 21:43:32,630 [INFO] ============================================================
2026-06-29 21:43:32,630 [INFO] START: Player Stats (batting + bowling)
2026-06-29 21:43:32,631 [INFO] ============================================================
2026-06-29 21:43:35,827 [INFO] Found 61 teams
2026-06-29 21:43:38,726 [INFO] Batting records: 1427, Bowling records: 871
2026-06-29 21:43:42,427 [INFO] FINISH: Player Stats (batting + bowling) — OK
2026-06-29 21:43:42,427 [INFO] ============================================================
2026-06-29 21:43:42,427 [INFO] START: Keeper Stats (pipeline)
2026-06-29 21:43:42,427 [INFO] ============================================================
2026-06-29 21:46:28,938 [INFO] Appended 217 keeper rows to reports/WicketKeepers_latest.xlsx
2026-06-29 21:46:36,805 [INFO] Uploaded keeper data. Total processed matches: 109
2026-06-29 21:46:36,805 [INFO] FINISH: Keeper Stats (pipeline) — OK
2026-06-29 21:46:36,805 [INFO] ============================================================
2026-06-29 21:46:36,805 [INFO] START: Google Sheet sync
2026-06-29 21:46:36,805 [INFO] ============================================================
2026-06-29 21:46:42,537 [INFO] Google Sheet synced (369 unique players)
2026-06-29 21:46:42,538 [INFO] FINISH: Google Sheet sync — OK
2026-06-29 21:46:42,539 [INFO] ============================================================
2026-06-29 21:46:42,539 [INFO] START: Email daily report
2026-06-29 21:46:42,539 [INFO] ============================================================
2026-06-29 21:46:49,653 [INFO] Email sent to Sureshkutam@gmail.com
2026-06-29 21:46:49,653 [INFO] FINISH: Email daily report — OK
2026-06-29 21:46:49,653 [INFO] ============================================================
2026-06-29 21:46:49,653 [INFO] PIPELINE COMPLETE
2026-06-29 21:46:49,653 [INFO] Log saved to: reports/auto_update_20260629.log
2026-06-29 21:46:49,653 [INFO] ============================================================
2026-06-29 21:46:49,674 [INFO] Opened Excel: C:\Users\Lenovo\Desktop\test.py\reports\WicketKeepers_latest.xlsx
