2026-07-20 21:42:34,631 [INFO] 
2026-07-20 21:42:34,634 [INFO] 
2026-07-20 21:42:34,636 [INFO] ============================================================
2026-07-20 21:42:34,636 [INFO] AUTO UPDATE PIPELINE — 2026-07-20 21:42:34
2026-07-20 21:42:34,636 [INFO] ============================================================
2026-07-20 21:42:34,636 [INFO] ============================================================
2026-07-20 21:42:34,640 [INFO] START: Player Stats (batting + bowling)
2026-07-20 21:42:34,640 [INFO] ============================================================
2026-07-20 21:42:53,790 [INFO] Found 61 teams
2026-07-20 21:42:57,031 [INFO] Batting records: 1555, Bowling records: 988
2026-07-20 21:43:05,540 [INFO] FINISH: Player Stats (batting + bowling) — OK
2026-07-20 21:43:05,540 [INFO] ============================================================
2026-07-20 21:43:05,540 [INFO] START: Keeper Stats (pipeline)
2026-07-20 21:43:05,540 [INFO] ============================================================
2026-07-20 21:44:50,457 [INFO] Appended 299 keeper rows to reports/WicketKeepers_latest.xlsx
2026-07-20 21:45:02,790 [INFO] Uploaded keeper data. Total processed matches: 150
2026-07-20 21:45:02,790 [INFO] FINISH: Keeper Stats (pipeline) — OK
2026-07-20 21:45:02,790 [INFO] ============================================================
2026-07-20 21:45:02,790 [INFO] START: Google Sheet sync
2026-07-20 21:45:02,790 [INFO] ============================================================
2026-07-20 21:45:10,643 [INFO] Google Sheet synced (451 unique players)
2026-07-20 21:45:10,645 [INFO] FINISH: Google Sheet sync — OK
2026-07-20 21:45:10,645 [INFO] ============================================================
2026-07-20 21:45:10,645 [INFO] START: Email daily report
2026-07-20 21:45:10,645 [INFO] ============================================================
2026-07-20 21:45:18,762 [INFO] Email sent to Sureshkutam@gmail.com
2026-07-20 21:45:18,762 [INFO] FINISH: Email daily report — OK
2026-07-20 21:45:18,762 [INFO] ============================================================
2026-07-20 21:45:18,762 [INFO] PIPELINE COMPLETE
2026-07-20 21:45:18,762 [INFO] Log saved to: reports/auto_update_20260720.log
2026-07-20 21:45:18,766 [INFO] ============================================================
2026-07-20 21:45:18,797 [INFO] Opened Excel: C:\Users\Lenovo\Desktop\test.py\reports\WicketKeepers_latest.xlsx
