2026-06-27 21:25:04,051 [INFO] 
2026-06-27 21:25:04,051 [INFO] 
2026-06-27 21:25:04,051 [INFO] ============================================================
2026-06-27 21:25:04,051 [INFO] AUTO UPDATE PIPELINE — 2026-06-27 21:25:04
2026-06-27 21:25:04,051 [INFO] ============================================================
2026-06-27 21:25:04,051 [INFO] ============================================================
2026-06-27 21:25:04,051 [INFO] START: Player Stats (batting + bowling)
2026-06-27 21:25:04,051 [INFO] ============================================================
2026-06-27 21:25:12,359 [INFO] 
2026-06-27 21:25:12,359 [INFO] 
2026-06-27 21:25:12,359 [INFO] ============================================================
2026-06-27 21:25:12,359 [INFO] AUTO UPDATE PIPELINE — 2026-06-27 21:25:12
2026-06-27 21:25:12,359 [INFO] Mode: TODAY'S MATCHES ONLY
2026-06-27 21:25:12,359 [INFO] ============================================================
2026-06-27 21:25:12,359 [INFO] ============================================================
2026-06-27 21:25:12,359 [INFO] START: Keeper Stats (pipeline)
2026-06-27 21:25:12,359 [INFO] ============================================================
2026-06-27 21:25:14,824 [INFO] Found 61 teams
2026-06-27 21:25:17,179 [INFO] Batting records: 1424, Bowling records: 869
2026-06-27 21:25:19,772 [INFO] Appended 4 keeper rows to reports/WicketKeepers_latest.xlsx
2026-06-27 21:25:23,811 [INFO] FINISH: Player Stats (batting + bowling) — OK
2026-06-27 21:25:23,811 [INFO] ============================================================
2026-06-27 21:25:23,811 [INFO] START: Keeper Stats (pipeline)
2026-06-27 21:25:23,811 [INFO] ============================================================
2026-06-27 21:25:24,458 [INFO] Uploaded keeper data. Total processed matches: 107
2026-06-27 21:25:24,458 [INFO] FINISH: Keeper Stats (pipeline) — OK
2026-06-27 21:25:24,458 [INFO] ============================================================
2026-06-27 21:25:24,460 [INFO] PIPELINE COMPLETE
2026-06-27 21:25:24,460 [INFO] Log saved to: reports/auto_update_20260627.log
2026-06-27 21:25:24,460 [INFO] ============================================================
2026-06-27 21:28:05,450 [INFO] Appended 213 keeper rows to reports/WicketKeepers_latest.xlsx
2026-06-27 21:28:11,310 [INFO] Uploaded keeper data. Total processed matches: 107
2026-06-27 21:28:11,310 [INFO] FINISH: Keeper Stats (pipeline) — OK
2026-06-27 21:28:11,310 [INFO] ============================================================
2026-06-27 21:28:11,310 [INFO] START: Google Sheet sync
2026-06-27 21:28:11,310 [INFO] ============================================================
2026-06-27 21:28:15,907 [INFO] Google Sheet synced (365 unique players)
2026-06-27 21:28:15,907 [INFO] FINISH: Google Sheet sync — OK
2026-06-27 21:28:15,907 [INFO] ============================================================
2026-06-27 21:28:15,907 [INFO] START: Email daily report
2026-06-27 21:28:15,907 [INFO] ============================================================
2026-06-27 21:28:22,887 [INFO] Email sent to Sureshkutam@gmail.com
2026-06-27 21:28:22,887 [INFO] FINISH: Email daily report — OK
2026-06-27 21:28:22,887 [INFO] ============================================================
2026-06-27 21:28:22,887 [INFO] PIPELINE COMPLETE
2026-06-27 21:28:22,887 [INFO] Log saved to: reports/auto_update_20260627.log
2026-06-27 21:28:22,887 [INFO] ============================================================
2026-06-27 21:28:22,911 [INFO] Opened Excel: C:\Users\Lenovo\Desktop\test.py\reports\WicketKeepers_latest.xlsx
