2026-06-30 21:25:04,009 [INFO] 
2026-06-30 21:25:04,009 [INFO] 
2026-06-30 21:25:04,009 [INFO] ============================================================
2026-06-30 21:25:04,009 [INFO] AUTO UPDATE PIPELINE — 2026-06-30 21:25:04
2026-06-30 21:25:04,009 [INFO] ============================================================
2026-06-30 21:25:04,009 [INFO] ============================================================
2026-06-30 21:25:04,009 [INFO] START: Player Stats (batting + bowling)
2026-06-30 21:25:04,009 [INFO] ============================================================
2026-06-30 21:25:19,306 [INFO] Found 61 teams
2026-06-30 21:25:22,560 [INFO] Batting records: 1488, Bowling records: 918
2026-06-30 21:25:31,028 [INFO] FINISH: Player Stats (batting + bowling) — OK
2026-06-30 21:25:31,030 [INFO] ============================================================
2026-06-30 21:25:31,030 [INFO] START: Keeper Stats (pipeline)
2026-06-30 21:25:31,030 [INFO] ============================================================
2026-06-30 21:39:49,575 [INFO] Appended 233 keeper rows to reports/WicketKeepers_latest.xlsx
2026-06-30 21:40:00,990 [INFO] Uploaded keeper data. Total processed matches: 117
2026-06-30 21:40:00,992 [INFO] FINISH: Keeper Stats (pipeline) — OK
2026-06-30 21:40:00,992 [INFO] ============================================================
2026-06-30 21:40:00,992 [INFO] START: Google Sheet sync
2026-06-30 21:40:00,992 [INFO] ============================================================
2026-06-30 21:40:15,469 [INFO] Google Sheet synced (385 unique players)
2026-06-30 21:40:15,469 [INFO] FINISH: Google Sheet sync — OK
2026-06-30 21:40:15,471 [INFO] ============================================================
2026-06-30 21:40:15,471 [INFO] START: Email daily report
2026-06-30 21:40:15,471 [INFO] ============================================================
2026-06-30 21:40:23,344 [INFO] Email sent to Sureshkutam@gmail.com
2026-06-30 21:40:23,346 [INFO] FINISH: Email daily report — OK
2026-06-30 21:40:23,346 [INFO] ============================================================
2026-06-30 21:40:23,346 [INFO] PIPELINE COMPLETE
2026-06-30 21:40:23,346 [INFO] Log saved to: reports/auto_update_20260630.log
2026-06-30 21:40:23,346 [INFO] ============================================================
2026-06-30 21:40:23,373 [INFO] Opened Excel: C:\Users\Lenovo\Desktop\test.py\reports\WicketKeepers_latest.xlsx
