2026-07-02 21:25:06,538 [INFO] 
2026-07-02 21:25:06,539 [INFO] 
2026-07-02 21:25:06,540 [INFO] ============================================================
2026-07-02 21:25:06,540 [INFO] AUTO UPDATE PIPELINE — 2026-07-02 21:25:06
2026-07-02 21:25:06,540 [INFO] ============================================================
2026-07-02 21:25:06,540 [INFO] ============================================================
2026-07-02 21:25:06,540 [INFO] START: Player Stats (batting + bowling)
2026-07-02 21:25:06,540 [INFO] ============================================================
2026-07-02 21:25:16,860 [INFO] Found 61 teams
2026-07-02 21:25:18,744 [INFO] Batting records: 1507, Bowling records: 935
2026-07-02 21:25:23,572 [INFO] FINISH: Player Stats (batting + bowling) — OK
2026-07-02 21:25:23,572 [INFO] ============================================================
2026-07-02 21:25:23,572 [INFO] START: Keeper Stats (pipeline)
2026-07-02 21:25:23,572 [INFO] ============================================================
2026-07-02 21:27:25,880 [INFO] Appended 245 keeper rows to reports/WicketKeepers_latest.xlsx
2026-07-02 21:27:34,139 [INFO] Uploaded keeper data. Total processed matches: 123
2026-07-02 21:27:34,139 [INFO] FINISH: Keeper Stats (pipeline) — OK
2026-07-02 21:27:34,139 [INFO] ============================================================
2026-07-02 21:27:34,139 [INFO] START: Google Sheet sync
2026-07-02 21:27:34,139 [INFO] ============================================================
2026-07-02 21:27:39,822 [INFO] Google Sheet synced (397 unique players)
2026-07-02 21:27:39,824 [INFO] FINISH: Google Sheet sync — OK
2026-07-02 21:27:39,824 [INFO] ============================================================
2026-07-02 21:27:39,824 [INFO] START: Email daily report
2026-07-02 21:27:39,824 [INFO] ============================================================
2026-07-02 21:27:47,717 [INFO] Email sent to Sureshkutam@gmail.com
2026-07-02 21:27:47,717 [INFO] FINISH: Email daily report — OK
2026-07-02 21:27:47,717 [INFO] ============================================================
2026-07-02 21:27:47,717 [INFO] PIPELINE COMPLETE
2026-07-02 21:27:47,717 [INFO] Log saved to: reports/auto_update_20260702.log
2026-07-02 21:27:47,717 [INFO] ============================================================
2026-07-02 21:27:47,772 [INFO] Opened Excel: C:\Users\Lenovo\Desktop\test.py\reports\WicketKeepers_latest.xlsx
