2026-07-06 21:25:03,500 [INFO] 
2026-07-06 21:25:03,500 [INFO] 
2026-07-06 21:25:03,500 [INFO] ============================================================
2026-07-06 21:25:03,500 [INFO] AUTO UPDATE PIPELINE — 2026-07-06 21:25:03
2026-07-06 21:25:03,500 [INFO] ============================================================
2026-07-06 21:25:03,500 [INFO] ============================================================
2026-07-06 21:25:03,500 [INFO] START: Player Stats (batting + bowling)
2026-07-06 21:25:03,500 [INFO] ============================================================
2026-07-06 21:25:18,466 [INFO] Found 61 teams
2026-07-06 21:25:22,192 [INFO] Batting records: 1513, Bowling records: 939
2026-07-06 21:25:30,327 [INFO] FINISH: Player Stats (batting + bowling) — OK
2026-07-06 21:25:30,327 [INFO] ============================================================
2026-07-06 21:25:30,327 [INFO] START: Keeper Stats (pipeline)
2026-07-06 21:25:30,327 [INFO] ============================================================
2026-07-06 21:30:08,071 [WARNING] Retrying (Retry(total=2, connect=None, read=None, redirect=None, status=None)) after connection broken by 'NewConnectionError("HTTPSConnection(host='d27i8b90nps4in.cloudfront.net', port=443): Failed to establish a new connection: [WinError 10013] An attempt was made to access a socket in a way forbidden by its access permissions")': /feed/14492-matchsummary.js?callback=onScoringMatchsummary
2026-07-06 21:30:12,133 [WARNING] Retrying (Retry(total=1, connect=None, read=None, redirect=None, status=None)) after connection broken by 'NewConnectionError("HTTPSConnection(host='d27i8b90nps4in.cloudfront.net', port=443): Failed to establish a new connection: [WinError 10013] An attempt was made to access a socket in a way forbidden by its access permissions")': /feed/14492-matchsummary.js?callback=onScoringMatchsummary
2026-07-06 21:35:16,453 [INFO] Appended 250 keeper rows to reports/WicketKeepers_latest.xlsx
2026-07-06 21:35:24,183 [INFO] Uploaded keeper data. Total processed matches: 126
2026-07-06 21:35:24,183 [INFO] FINISH: Keeper Stats (pipeline) — OK
2026-07-06 21:35:24,183 [INFO] ============================================================
2026-07-06 21:35:24,183 [INFO] START: Google Sheet sync
2026-07-06 21:35:24,183 [INFO] ============================================================
2026-07-06 21:35:33,087 [INFO] Google Sheet synced (402 unique players)
2026-07-06 21:35:33,088 [INFO] FINISH: Google Sheet sync — OK
2026-07-06 21:35:33,088 [INFO] ============================================================
2026-07-06 21:35:33,088 [INFO] START: Email daily report
2026-07-06 21:35:33,088 [INFO] ============================================================
2026-07-06 21:35:42,978 [INFO] Email sent to Sureshkutam@gmail.com
2026-07-06 21:35:42,978 [INFO] FINISH: Email daily report — OK
2026-07-06 21:35:42,978 [INFO] ============================================================
2026-07-06 21:35:42,978 [INFO] PIPELINE COMPLETE
2026-07-06 21:35:42,978 [INFO] Log saved to: reports/auto_update_20260706.log
2026-07-06 21:35:42,978 [INFO] ============================================================
2026-07-06 21:35:43,005 [INFO] Opened Excel: C:\Users\Lenovo\Desktop\test.py\reports\WicketKeepers_latest.xlsx
