2026-07-08 22:08:58,177 [INFO] 
2026-07-08 22:08:58,178 [INFO] 
2026-07-08 22:08:58,178 [INFO] ============================================================
2026-07-08 22:08:58,180 [INFO] AUTO UPDATE PIPELINE — 2026-07-08 22:08:58
2026-07-08 22:08:58,181 [INFO] ============================================================
2026-07-08 22:08:58,181 [INFO] ============================================================
2026-07-08 22:08:58,183 [INFO] START: Player Stats (batting + bowling)
2026-07-08 22:08:58,183 [INFO] ============================================================
2026-07-08 22:09:18,225 [INFO] Found 61 teams
2026-07-08 22:09:21,628 [INFO] Batting records: 1532, Bowling records: 955
2026-07-08 22:09:30,392 [INFO] FINISH: Player Stats (batting + bowling) — OK
2026-07-08 22:09:30,393 [INFO] ============================================================
2026-07-08 22:09:30,394 [INFO] START: Keeper Stats (pipeline)
2026-07-08 22:09:30,395 [INFO] ============================================================
2026-07-08 22:14:10,004 [INFO] Appended 267 keeper rows to reports/WicketKeepers_latest.xlsx
2026-07-08 22:14:38,655 [INFO] Uploaded keeper data. Total processed matches: 134
2026-07-08 22:14:38,657 [INFO] FINISH: Keeper Stats (pipeline) — OK
2026-07-08 22:14:38,659 [INFO] ============================================================
2026-07-08 22:14:38,660 [INFO] START: Google Sheet sync
2026-07-08 22:14:38,660 [INFO] ============================================================
2026-07-08 22:14:52,882 [INFO] Google Sheet synced (419 unique players)
2026-07-08 22:14:52,884 [INFO] FINISH: Google Sheet sync — OK
2026-07-08 22:14:52,885 [INFO] ============================================================
2026-07-08 22:14:52,887 [INFO] START: Email daily report
2026-07-08 22:14:52,887 [INFO] ============================================================
2026-07-08 22:15:01,246 [INFO] Email sent to Sureshkutam@gmail.com
2026-07-08 22:15:01,246 [INFO] FINISH: Email daily report — OK
2026-07-08 22:15:01,246 [INFO] ============================================================
2026-07-08 22:15:01,246 [INFO] PIPELINE COMPLETE
2026-07-08 22:15:01,251 [INFO] Log saved to: reports/auto_update_20260708.log
2026-07-08 22:15:01,253 [INFO] ============================================================
2026-07-08 22:15:01,352 [INFO] Opened Excel: C:\Users\Lenovo\Desktop\test.py\reports\WicketKeepers_latest.xlsx
