2026-07-07 21:25:03,628 [INFO] 
2026-07-07 21:25:03,630 [INFO] 
2026-07-07 21:25:03,630 [INFO] ============================================================
2026-07-07 21:25:03,631 [INFO] AUTO UPDATE PIPELINE — 2026-07-07 21:25:03
2026-07-07 21:25:03,632 [INFO] ============================================================
2026-07-07 21:25:03,633 [INFO] ============================================================
2026-07-07 21:25:03,633 [INFO] START: Player Stats (batting + bowling)
2026-07-07 21:25:03,633 [INFO] ============================================================
2026-07-07 21:25:13,783 [INFO] Found 61 teams
2026-07-07 21:25:15,480 [INFO] Batting records: 1513, Bowling records: 939
2026-07-07 21:25:22,978 [INFO] FINISH: Player Stats (batting + bowling) — OK
2026-07-07 21:25:22,978 [INFO] ============================================================
2026-07-07 21:25:22,978 [INFO] START: Keeper Stats (pipeline)
2026-07-07 21:25:22,979 [INFO] ============================================================
2026-07-07 21:26:39,124 [INFO] Appended 251 keeper rows to reports/WicketKeepers_latest.xlsx
2026-07-07 21:26:44,971 [INFO] Uploaded keeper data. Total processed matches: 126
2026-07-07 21:26:44,971 [INFO] FINISH: Keeper Stats (pipeline) — OK
2026-07-07 21:26:44,971 [INFO] ============================================================
2026-07-07 21:26:44,971 [INFO] START: Google Sheet sync
2026-07-07 21:26:44,972 [INFO] ============================================================
2026-07-07 21:26:49,513 [INFO] Google Sheet synced (403 unique players)
2026-07-07 21:26:49,513 [INFO] FINISH: Google Sheet sync — OK
2026-07-07 21:26:49,514 [INFO] ============================================================
2026-07-07 21:26:49,514 [INFO] START: Email daily report
2026-07-07 21:26:49,515 [INFO] ============================================================
2026-07-07 21:26:56,625 [INFO] Email sent to Sureshkutam@gmail.com
2026-07-07 21:26:56,626 [INFO] FINISH: Email daily report — OK
2026-07-07 21:26:56,626 [INFO] ============================================================
2026-07-07 21:26:56,627 [INFO] PIPELINE COMPLETE
2026-07-07 21:26:56,627 [INFO] Log saved to: reports/auto_update_20260707.log
2026-07-07 21:26:56,628 [INFO] ============================================================
2026-07-07 21:26:56,705 [INFO] Opened Excel: C:\Users\Lenovo\Desktop\test.py\reports\WicketKeepers_latest.xlsx
