2026-06-26 21:21:30,074 [INFO] 
2026-06-26 21:21:30,074 [INFO] 
2026-06-26 21:21:30,074 [INFO] ============================================================
2026-06-26 21:21:30,074 [INFO] AUTO UPDATE PIPELINE — 2026-06-26 21:21:30
2026-06-26 21:21:30,074 [INFO] ============================================================
2026-06-26 21:21:30,074 [INFO] ============================================================
2026-06-26 21:21:30,074 [INFO] START: Player Stats (batting + bowling)
2026-06-26 21:21:30,074 [INFO] ============================================================
2026-06-26 21:21:44,784 [INFO] Found 61 teams
2026-06-26 21:21:48,985 [INFO] Batting records: 1414, Bowling records: 862
2026-06-26 21:21:55,010 [INFO] FINISH: Player Stats (batting + bowling) — OK
2026-06-26 21:21:55,010 [INFO] ============================================================
2026-06-26 21:21:55,010 [INFO] PIPELINE COMPLETE
2026-06-26 21:21:55,010 [INFO] Log saved to: reports/auto_update_20260626.log
2026-06-26 21:21:55,010 [INFO] ============================================================
2026-06-26 21:22:07,275 [INFO] 
2026-06-26 21:22:07,275 [INFO] 
2026-06-26 21:22:07,275 [INFO] ============================================================
2026-06-26 21:22:07,275 [INFO] AUTO UPDATE PIPELINE — 2026-06-26 21:22:07
2026-06-26 21:22:07,275 [INFO] Mode: TODAY'S MATCHES ONLY
2026-06-26 21:22:07,275 [INFO] ============================================================
2026-06-26 21:22:07,275 [INFO] ============================================================
2026-06-26 21:22:07,275 [INFO] START: Keeper Stats (pipeline)
2026-06-26 21:22:07,275 [INFO] ============================================================
2026-06-26 21:22:21,784 [INFO] Appended 17 keeper rows to reports/WicketKeepers_latest.xlsx
2026-06-26 21:22:27,422 [INFO] Uploaded keeper data. Total processed matches: 55
2026-06-26 21:22:27,422 [INFO] FINISH: Keeper Stats (pipeline) — OK
2026-06-26 21:22:27,422 [INFO] ============================================================
2026-06-26 21:22:27,422 [INFO] PIPELINE COMPLETE
2026-06-26 21:22:27,422 [INFO] Log saved to: reports/auto_update_20260626.log
2026-06-26 21:22:27,422 [INFO] ============================================================
2026-06-26 21:25:03,085 [INFO] 
2026-06-26 21:25:03,085 [INFO] 
2026-06-26 21:25:03,085 [INFO] ============================================================
2026-06-26 21:25:03,085 [INFO] AUTO UPDATE PIPELINE — 2026-06-26 21:25:03
2026-06-26 21:25:03,085 [INFO] ============================================================
2026-06-26 21:25:03,085 [INFO] ============================================================
2026-06-26 21:25:03,085 [INFO] START: Player Stats (batting + bowling)
2026-06-26 21:25:03,085 [INFO] ============================================================
2026-06-26 21:25:05,930 [INFO] Found 61 teams
2026-06-26 21:25:09,628 [INFO] Batting records: 1414, Bowling records: 862
2026-06-26 21:25:13,576 [INFO] FINISH: Player Stats (batting + bowling) — OK
2026-06-26 21:25:13,576 [INFO] ============================================================
2026-06-26 21:25:13,576 [INFO] START: Keeper Stats (pipeline)
2026-06-26 21:25:13,576 [INFO] ============================================================
2026-06-26 21:27:35,473 [INFO] Appended 209 keeper rows to reports/WicketKeepers_latest.xlsx
2026-06-26 21:27:42,645 [INFO] Uploaded keeper data. Total processed matches: 105
2026-06-26 21:27:42,645 [INFO] FINISH: Keeper Stats (pipeline) — OK
2026-06-26 21:27:42,645 [INFO] ============================================================
2026-06-26 21:27:42,645 [INFO] START: Google Sheet sync
2026-06-26 21:27:42,645 [INFO] ============================================================
2026-06-26 21:27:48,756 [INFO] Google Sheet synced (361 unique players)
2026-06-26 21:27:48,756 [INFO] FINISH: Google Sheet sync — OK
2026-06-26 21:27:48,756 [INFO] ============================================================
2026-06-26 21:27:48,756 [INFO] START: Email daily report
2026-06-26 21:27:48,760 [INFO] ============================================================
2026-06-26 21:27:57,077 [INFO] Email sent to Sureshkutam@gmail.com
2026-06-26 21:27:57,077 [INFO] FINISH: Email daily report — OK
2026-06-26 21:27:57,077 [INFO] ============================================================
2026-06-26 21:27:57,079 [INFO] PIPELINE COMPLETE
2026-06-26 21:27:57,079 [INFO] Log saved to: reports/auto_update_20260626.log
2026-06-26 21:27:57,079 [INFO] ============================================================
2026-06-26 21:27:57,131 [INFO] Opened Excel: C:\Users\Lenovo\Desktop\test.py\reports\WicketKeepers_latest.xlsx
