2026-07-19 21:38:34,310 [INFO] 
2026-07-19 21:38:34,310 [INFO] 
2026-07-19 21:38:34,310 [INFO] ============================================================
2026-07-19 21:38:34,310 [INFO] AUTO UPDATE PIPELINE — 2026-07-19 21:38:34
2026-07-19 21:38:34,310 [INFO] Mode: TODAY'S MATCHES ONLY
2026-07-19 21:38:34,310 [INFO] ============================================================
2026-07-19 21:38:34,310 [INFO] ============================================================
2026-07-19 21:38:34,310 [INFO] START: Player Stats (batting + bowling)
2026-07-19 21:38:34,310 [INFO] ============================================================
2026-07-19 21:38:46,242 [INFO] Found 61 teams
2026-07-19 21:38:51,742 [INFO] Batting records: 1555, Bowling records: 988
2026-07-19 21:39:00,449 [INFO] FINISH: Player Stats (batting + bowling) — OK
2026-07-19 21:39:00,449 [INFO] ============================================================
2026-07-19 21:39:00,449 [INFO] START: Keeper Stats (pipeline)
2026-07-19 21:39:00,451 [INFO] ============================================================
2026-07-19 21:39:03,545 [INFO] No keeper rows found
2026-07-19 21:39:03,545 [INFO] FINISH: Keeper Stats (pipeline) — OK
2026-07-19 21:39:03,547 [INFO] ============================================================
2026-07-19 21:39:03,547 [INFO] START: Google Sheet sync
2026-07-19 21:39:03,547 [INFO] ============================================================
2026-07-19 21:39:10,426 [INFO] Google Sheet synced (451 unique players)
2026-07-19 21:39:10,426 [INFO] FINISH: Google Sheet sync — OK
2026-07-19 21:39:10,426 [INFO] ============================================================
2026-07-19 21:39:10,438 [INFO] START: Email daily report
2026-07-19 21:39:10,438 [INFO] ============================================================
2026-07-19 21:39:18,025 [INFO] Email sent to Sureshkutam@gmail.com
2026-07-19 21:39:18,026 [INFO] FINISH: Email daily report — OK
2026-07-19 21:39:18,026 [INFO] ============================================================
2026-07-19 21:39:18,026 [INFO] PIPELINE COMPLETE
2026-07-19 21:39:18,027 [INFO] Log saved to: reports/auto_update_20260719.log
2026-07-19 21:39:18,027 [INFO] ============================================================
2026-07-19 21:39:18,067 [INFO] Opened Excel: C:\Users\Lenovo\Desktop\test.py\reports\WicketKeepers_latest.xlsx
2026-07-19 21:41:22,080 [INFO] 
2026-07-19 21:41:22,086 [INFO] 
2026-07-19 21:41:22,086 [INFO] ============================================================
2026-07-19 21:41:22,089 [INFO] AUTO UPDATE PIPELINE — 2026-07-19 21:41:22
2026-07-19 21:41:22,089 [INFO] ============================================================
2026-07-19 21:41:22,089 [INFO] ============================================================
2026-07-19 21:41:22,089 [INFO] START: Player Stats (batting + bowling)
2026-07-19 21:41:22,089 [INFO] ============================================================
2026-07-19 21:41:29,908 [INFO] Found 61 teams
2026-07-19 21:41:37,146 [INFO] Batting records: 1555, Bowling records: 988
2026-07-19 21:41:46,200 [INFO] FINISH: Player Stats (batting + bowling) — OK
2026-07-19 21:41:46,200 [INFO] ============================================================
2026-07-19 21:41:46,210 [INFO] START: Keeper Stats (pipeline)
2026-07-19 21:41:46,210 [INFO] ============================================================
2026-07-19 21:49:04,169 [INFO] Appended 299 keeper rows to reports/WicketKeepers_latest.xlsx
2026-07-19 21:49:19,152 [INFO] Uploaded keeper data. Total processed matches: 150
2026-07-19 21:49:19,152 [INFO] FINISH: Keeper Stats (pipeline) — OK
2026-07-19 21:49:19,152 [INFO] ============================================================
2026-07-19 21:49:19,152 [INFO] START: Google Sheet sync
2026-07-19 21:49:19,159 [INFO] ============================================================
2026-07-19 21:49:31,620 [INFO] Google Sheet synced (451 unique players)
2026-07-19 21:49:31,621 [INFO] FINISH: Google Sheet sync — OK
2026-07-19 21:49:31,621 [INFO] ============================================================
2026-07-19 21:49:31,624 [INFO] START: Email daily report
2026-07-19 21:49:31,624 [INFO] ============================================================
2026-07-19 21:49:39,038 [INFO] Email sent to Sureshkutam@gmail.com
2026-07-19 21:49:39,038 [INFO] FINISH: Email daily report — OK
2026-07-19 21:49:39,038 [INFO] ============================================================
2026-07-19 21:49:39,038 [INFO] PIPELINE COMPLETE
2026-07-19 21:49:39,038 [INFO] Log saved to: reports/auto_update_20260719.log
2026-07-19 21:49:39,038 [INFO] ============================================================
2026-07-19 21:49:39,104 [INFO] Opened Excel: C:\Users\Lenovo\Desktop\test.py\reports\WicketKeepers_latest.xlsx
