2026-07-05 21:26:33,848 [INFO] 
2026-07-05 21:26:33,866 [INFO] 
2026-07-05 21:26:33,866 [INFO] ============================================================
2026-07-05 21:26:33,866 [INFO] AUTO UPDATE PIPELINE — 2026-07-05 21:26:33
2026-07-05 21:26:33,880 [INFO] ============================================================
2026-07-05 21:26:33,896 [INFO] ============================================================
2026-07-05 21:26:33,896 [INFO] START: Player Stats (batting + bowling)
2026-07-05 21:26:33,896 [INFO] ============================================================
2026-07-05 21:29:42,801 [INFO] Found 61 teams
2026-07-05 21:29:47,431 [INFO] Batting records: 1513, Bowling records: 939
2026-07-05 21:30:32,271 [INFO] FINISH: Player Stats (batting + bowling) — OK
2026-07-05 21:30:32,271 [INFO] ============================================================
2026-07-05 21:30:32,271 [INFO] START: Keeper Stats (pipeline)
2026-07-05 21:30:32,271 [INFO] ============================================================
2026-07-05 21:35:12,510 [INFO] Appended 251 keeper rows to reports/WicketKeepers_latest.xlsx
2026-07-05 21:35:19,562 [INFO] Uploaded keeper data. Total processed matches: 126
2026-07-05 21:35:19,562 [INFO] FINISH: Keeper Stats (pipeline) — OK
2026-07-05 21:35:19,562 [INFO] ============================================================
2026-07-05 21:35:19,562 [INFO] START: Google Sheet sync
2026-07-05 21:35:19,562 [INFO] ============================================================
2026-07-05 21:35:25,804 [INFO] Google Sheet synced (403 unique players)
2026-07-05 21:35:25,804 [INFO] FINISH: Google Sheet sync — OK
2026-07-05 21:35:25,804 [INFO] ============================================================
2026-07-05 21:35:25,804 [INFO] START: Email daily report
2026-07-05 21:35:25,804 [INFO] ============================================================
2026-07-05 21:35:33,151 [INFO] Email sent to Sureshkutam@gmail.com
2026-07-05 21:35:33,151 [INFO] FINISH: Email daily report — OK
2026-07-05 21:35:33,151 [INFO] ============================================================
2026-07-05 21:35:33,151 [INFO] PIPELINE COMPLETE
2026-07-05 21:35:33,151 [INFO] Log saved to: reports/auto_update_20260705.log
2026-07-05 21:35:33,151 [INFO] ============================================================
2026-07-05 21:35:33,167 [INFO] Opened Excel: C:\Users\Lenovo\Desktop\test.py\reports\WicketKeepers_latest.xlsx
