2026-07-18 21:38:36,211 [INFO] 
2026-07-18 21:38:36,212 [INFO] 
2026-07-18 21:38:36,212 [INFO] ============================================================
2026-07-18 21:38:36,212 [INFO] AUTO UPDATE PIPELINE — 2026-07-18 21:38:36
2026-07-18 21:38:36,214 [INFO] ============================================================
2026-07-18 21:38:36,215 [INFO] ============================================================
2026-07-18 21:38:36,216 [INFO] START: Player Stats (batting + bowling)
2026-07-18 21:38:36,216 [INFO] ============================================================
2026-07-18 21:38:45,243 [INFO] Found 61 teams
2026-07-18 21:38:46,797 [INFO] Batting records: 1555, Bowling records: 988
2026-07-18 21:38:52,429 [INFO] FINISH: Player Stats (batting + bowling) — OK
2026-07-18 21:38:52,429 [INFO] ============================================================
2026-07-18 21:38:52,429 [INFO] START: Keeper Stats (pipeline)
2026-07-18 21:38:52,429 [INFO] ============================================================
2026-07-18 21:40:16,252 [INFO] Appended 299 keeper rows to reports/WicketKeepers_latest.xlsx
2026-07-18 21:40:25,063 [INFO] Uploaded keeper data. Total processed matches: 150
2026-07-18 21:40:25,063 [INFO] FINISH: Keeper Stats (pipeline) — OK
2026-07-18 21:40:25,063 [INFO] ============================================================
2026-07-18 21:40:25,063 [INFO] START: Google Sheet sync
2026-07-18 21:40:25,063 [INFO] ============================================================
2026-07-18 21:40:29,767 [INFO] Google Sheet synced (451 unique players)
2026-07-18 21:40:29,767 [INFO] FINISH: Google Sheet sync — OK
2026-07-18 21:40:29,767 [INFO] ============================================================
2026-07-18 21:40:29,767 [INFO] START: Email daily report
2026-07-18 21:40:29,767 [INFO] ============================================================
2026-07-18 21:40:37,821 [INFO] Email sent to Sureshkutam@gmail.com
2026-07-18 21:40:37,821 [INFO] FINISH: Email daily report — OK
2026-07-18 21:40:37,821 [INFO] ============================================================
2026-07-18 21:40:37,821 [INFO] PIPELINE COMPLETE
2026-07-18 21:40:37,821 [INFO] Log saved to: reports/auto_update_20260718.log
2026-07-18 21:40:37,821 [INFO] ============================================================
2026-07-18 21:40:37,862 [INFO] Opened Excel: C:\Users\Lenovo\Desktop\test.py\reports\WicketKeepers_latest.xlsx
