2026-07-15 21:26:45,219 [INFO] 
2026-07-15 21:26:45,222 [INFO] 
2026-07-15 21:26:45,222 [INFO] ============================================================
2026-07-15 21:26:45,227 [INFO] AUTO UPDATE PIPELINE — 2026-07-15 21:26:45
2026-07-15 21:26:45,292 [INFO] ============================================================
2026-07-15 21:26:45,298 [INFO] ============================================================
2026-07-15 21:26:45,313 [INFO] START: Player Stats (batting + bowling)
2026-07-15 21:26:45,322 [INFO] ============================================================
2026-07-15 21:28:27,015 [INFO] Found 61 teams
2026-07-15 21:28:36,401 [INFO] Batting records: 1555, Bowling records: 987
2026-07-15 21:28:47,517 [INFO] FINISH: Player Stats (batting + bowling) — OK
2026-07-15 21:28:47,519 [INFO] ============================================================
2026-07-15 21:28:47,520 [INFO] START: Keeper Stats (pipeline)
2026-07-15 21:28:47,520 [INFO] ============================================================
2026-07-15 21:52:21,534 [INFO] 
2026-07-15 21:52:21,539 [INFO] 
2026-07-15 21:52:21,539 [INFO] ============================================================
2026-07-15 21:52:21,539 [INFO] AUTO UPDATE PIPELINE — 2026-07-15 21:52:21
2026-07-15 21:52:21,539 [INFO] Mode: TODAY'S MATCHES ONLY
2026-07-15 21:52:21,539 [INFO] ============================================================
2026-07-15 21:52:21,539 [INFO] ============================================================
2026-07-15 21:52:21,539 [INFO] START: Player Stats (batting + bowling)
2026-07-15 21:52:21,539 [INFO] ============================================================
2026-07-15 21:52:29,369 [INFO] Found 61 teams
2026-07-15 21:52:41,529 [INFO] Batting records: 1555, Bowling records: 987
2026-07-15 21:53:01,893 [INFO] FINISH: Player Stats (batting + bowling) — OK
2026-07-15 21:53:01,895 [INFO] ============================================================
2026-07-15 21:53:01,896 [INFO] START: Keeper Stats (pipeline)
2026-07-15 21:53:01,896 [INFO] ============================================================
2026-07-15 21:53:06,137 [INFO] No keeper rows found
2026-07-15 21:53:06,137 [INFO] FINISH: Keeper Stats (pipeline) — OK
2026-07-15 21:53:06,137 [INFO] ============================================================
2026-07-15 21:53:06,137 [INFO] START: Google Sheet sync
2026-07-15 21:53:06,137 [INFO] ============================================================
2026-07-15 21:53:19,144 [INFO] Google Sheet synced (449 unique players)
2026-07-15 21:53:19,146 [INFO] FINISH: Google Sheet sync — OK
2026-07-15 21:53:19,146 [INFO] ============================================================
2026-07-15 21:53:19,146 [INFO] START: Email daily report
2026-07-15 21:53:19,146 [INFO] ============================================================
2026-07-15 21:53:27,327 [INFO] Email sent to Sureshkutam@gmail.com
2026-07-15 21:53:27,327 [INFO] FINISH: Email daily report — OK
2026-07-15 21:53:27,329 [INFO] ============================================================
2026-07-15 21:53:27,329 [INFO] PIPELINE COMPLETE
2026-07-15 21:53:27,329 [INFO] Log saved to: reports/auto_update_20260715.log
2026-07-15 21:53:27,332 [INFO] ============================================================
2026-07-15 21:53:27,456 [INFO] Opened Excel: C:\Users\Lenovo\Desktop\test.py\reports\WicketKeepers_latest.xlsx
