2026-07-24 21:40:51,781 [INFO] 
2026-07-24 21:40:51,781 [INFO] 
2026-07-24 21:40:51,781 [INFO] ============================================================
2026-07-24 21:40:51,781 [INFO] AUTO UPDATE PIPELINE — 2026-07-24 21:40:51
2026-07-24 21:40:51,781 [INFO] ============================================================
2026-07-24 21:40:51,781 [INFO] ============================================================
2026-07-24 21:40:51,781 [INFO] START: Player Stats (batting + bowling)
2026-07-24 21:40:51,781 [INFO] ============================================================
2026-07-24 21:41:12,119 [INFO] Found 61 teams
2026-07-24 21:41:15,219 [INFO] Batting records: 1555, Bowling records: 988
2026-07-24 21:41:24,691 [INFO] FINISH: Player Stats (batting + bowling) — OK
2026-07-24 21:41:24,691 [INFO] ============================================================
2026-07-24 21:41:24,693 [INFO] START: Keeper Stats (pipeline)
2026-07-24 21:41:24,694 [INFO] ============================================================
2026-07-24 21:45:06,173 [INFO] Appended 299 keeper rows to reports/WicketKeepers_latest.xlsx
2026-07-24 21:45:21,299 [INFO] Uploaded keeper data. Total processed matches: 150
2026-07-24 21:45:21,299 [INFO] FINISH: Keeper Stats (pipeline) — OK
2026-07-24 21:45:21,301 [INFO] ============================================================
2026-07-24 21:45:21,301 [INFO] START: Google Sheet sync
2026-07-24 21:45:21,301 [INFO] ============================================================
2026-07-24 21:45:35,209 [INFO] Google Sheet synced (451 unique players)
2026-07-24 21:45:35,209 [INFO] FINISH: Google Sheet sync — OK
2026-07-24 21:45:35,211 [INFO] ============================================================
2026-07-24 21:45:35,211 [INFO] START: Email daily report
2026-07-24 21:45:35,211 [INFO] ============================================================
2026-07-24 21:45:46,929 [INFO] Email sent to Sureshkutam@gmail.com
2026-07-24 21:45:46,929 [INFO] FINISH: Email daily report — OK
2026-07-24 21:45:46,929 [INFO] ============================================================
2026-07-24 21:45:46,929 [INFO] PIPELINE COMPLETE
2026-07-24 21:45:46,929 [INFO] Log saved to: reports/auto_update_20260724.log
2026-07-24 21:45:46,931 [INFO] ============================================================
2026-07-24 21:45:46,961 [INFO] Opened Excel: C:\Users\Lenovo\Desktop\test.py\reports\WicketKeepers_latest.xlsx
