2026-07-09 21:49:34,446 [INFO] 
2026-07-09 21:49:34,446 [INFO] 
2026-07-09 21:49:34,446 [INFO] ============================================================
2026-07-09 21:49:34,446 [INFO] AUTO UPDATE PIPELINE — 2026-07-09 21:49:34
2026-07-09 21:49:34,446 [INFO] ============================================================
2026-07-09 21:49:34,446 [INFO] ============================================================
2026-07-09 21:49:34,446 [INFO] START: Player Stats (batting + bowling)
2026-07-09 21:49:34,446 [INFO] ============================================================
2026-07-09 21:49:44,832 [INFO] Found 61 teams
2026-07-09 21:49:47,309 [INFO] Batting records: 1532, Bowling records: 955
2026-07-09 21:49:52,872 [INFO] FINISH: Player Stats (batting + bowling) — OK
2026-07-09 21:49:52,873 [INFO] ============================================================
2026-07-09 21:49:52,873 [INFO] START: Keeper Stats (pipeline)
2026-07-09 21:49:52,873 [INFO] ============================================================
2026-07-09 21:49:59,343 [INFO] 
2026-07-09 21:49:59,345 [INFO] 
2026-07-09 21:49:59,347 [INFO] ============================================================
2026-07-09 21:49:59,347 [INFO] AUTO UPDATE PIPELINE — 2026-07-09 21:49:59
2026-07-09 21:49:59,359 [INFO] ============================================================
2026-07-09 21:49:59,359 [INFO] ============================================================
2026-07-09 21:49:59,359 [INFO] START: Player Stats (batting + bowling)
2026-07-09 21:49:59,359 [INFO] ============================================================
2026-07-09 21:50:01,993 [INFO] Found 61 teams
2026-07-09 21:50:04,360 [INFO] Batting records: 1532, Bowling records: 955
2026-07-09 21:50:08,790 [INFO] FINISH: Player Stats (batting + bowling) — OK
2026-07-09 21:50:08,792 [INFO] ============================================================
2026-07-09 21:50:08,792 [INFO] START: Keeper Stats (pipeline)
2026-07-09 21:50:08,792 [INFO] ============================================================
2026-07-09 21:51:42,400 [INFO] 
2026-07-09 21:51:42,400 [INFO] 
2026-07-09 21:51:42,400 [INFO] ============================================================
2026-07-09 21:51:42,400 [INFO] AUTO UPDATE PIPELINE — 2026-07-09 21:51:42
2026-07-09 21:51:42,400 [INFO] ============================================================
2026-07-09 21:51:42,400 [INFO] ============================================================
2026-07-09 21:51:42,400 [INFO] START: Player Stats (batting + bowling)
2026-07-09 21:51:42,400 [INFO] ============================================================
2026-07-09 21:51:44,718 [INFO] Found 61 teams
2026-07-09 21:51:47,007 [INFO] Batting records: 1532, Bowling records: 955
2026-07-09 21:51:47,573 [INFO] Appended 267 keeper rows to reports/WicketKeepers_latest.xlsx
2026-07-09 21:51:51,752 [INFO] FINISH: Player Stats (batting + bowling) — OK
2026-07-09 21:51:51,752 [INFO] ============================================================
2026-07-09 21:51:51,752 [INFO] START: Keeper Stats (pipeline)
2026-07-09 21:51:51,752 [INFO] ============================================================
2026-07-09 21:51:59,736 [INFO] Uploaded keeper data. Total processed matches: 134
2026-07-09 21:51:59,736 [INFO] FINISH: Keeper Stats (pipeline) — OK
2026-07-09 21:51:59,736 [INFO] ============================================================
2026-07-09 21:51:59,739 [INFO] START: Google Sheet sync
2026-07-09 21:51:59,739 [INFO] ============================================================
2026-07-09 21:52:06,118 [INFO] Google Sheet synced (419 unique players)
2026-07-09 21:52:06,120 [INFO] FINISH: Google Sheet sync — OK
2026-07-09 21:52:06,120 [INFO] ============================================================
2026-07-09 21:52:06,120 [INFO] START: Email daily report
2026-07-09 21:52:06,120 [INFO] ============================================================
2026-07-09 21:52:13,832 [INFO] Email sent to Sureshkutam@gmail.com
2026-07-09 21:52:13,832 [INFO] FINISH: Email daily report — OK
2026-07-09 21:52:13,834 [INFO] ============================================================
2026-07-09 21:52:13,835 [INFO] PIPELINE COMPLETE
2026-07-09 21:52:13,836 [INFO] Log saved to: reports/auto_update_20260709.log
2026-07-09 21:52:13,836 [INFO] ============================================================
2026-07-09 21:52:13,873 [INFO] Opened Excel: C:\Users\Lenovo\Desktop\test.py\reports\WicketKeepers_latest.xlsx
2026-07-09 21:52:58,397 [INFO] Appended 267 keeper rows to reports/WicketKeepers_latest.xlsx
2026-07-09 21:53:08,120 [INFO] Uploaded keeper data. Total processed matches: 134
2026-07-09 21:53:08,121 [INFO] FINISH: Keeper Stats (pipeline) — OK
2026-07-09 21:53:08,122 [INFO] ============================================================
2026-07-09 21:53:08,122 [INFO] START: Google Sheet sync
2026-07-09 21:53:08,122 [INFO] ============================================================
2026-07-09 21:53:19,583 [INFO] Google Sheet synced (419 unique players)
2026-07-09 21:53:19,585 [INFO] FINISH: Google Sheet sync — OK
2026-07-09 21:53:19,585 [INFO] ============================================================
2026-07-09 21:53:19,586 [INFO] PIPELINE COMPLETE
2026-07-09 21:53:19,587 [INFO] Log saved to: reports/auto_update_20260709.log
2026-07-09 21:53:19,587 [INFO] ============================================================
