2026-07-13 21:25:35,171 [INFO] 
2026-07-13 21:25:35,171 [INFO] 
2026-07-13 21:25:35,171 [INFO] ============================================================
2026-07-13 21:25:35,173 [INFO] AUTO UPDATE PIPELINE — 2026-07-13 21:25:35
2026-07-13 21:25:35,173 [INFO] ============================================================
2026-07-13 21:25:35,173 [INFO] ============================================================
2026-07-13 21:25:35,173 [INFO] START: Player Stats (batting + bowling)
2026-07-13 21:25:35,173 [INFO] ============================================================
2026-07-13 21:25:45,890 [INFO] Found 61 teams
2026-07-13 21:25:47,721 [INFO] Batting records: 1553, Bowling records: 985
2026-07-13 21:25:52,605 [INFO] FINISH: Player Stats (batting + bowling) — OK
2026-07-13 21:25:52,605 [INFO] ============================================================
2026-07-13 21:25:52,605 [INFO] START: Keeper Stats (pipeline)
2026-07-13 21:25:52,605 [INFO] ============================================================
2026-07-13 21:27:17,408 [INFO] Appended 293 keeper rows to reports/WicketKeepers_latest.xlsx
2026-07-13 21:27:23,982 [INFO] Uploaded keeper data. Total processed matches: 147
2026-07-13 21:27:23,982 [INFO] FINISH: Keeper Stats (pipeline) — OK
2026-07-13 21:27:23,984 [INFO] ============================================================
2026-07-13 21:27:23,984 [INFO] START: Google Sheet sync
2026-07-13 21:27:23,984 [INFO] ============================================================
2026-07-13 21:27:28,445 [INFO] Google Sheet synced (445 unique players)
2026-07-13 21:27:28,445 [INFO] FINISH: Google Sheet sync — OK
2026-07-13 21:27:28,445 [INFO] ============================================================
2026-07-13 21:27:28,445 [INFO] START: Email daily report
2026-07-13 21:27:28,445 [INFO] ============================================================
2026-07-13 21:27:36,599 [INFO] Email sent to Sureshkutam@gmail.com
2026-07-13 21:27:36,599 [INFO] FINISH: Email daily report — OK
2026-07-13 21:27:36,599 [INFO] ============================================================
2026-07-13 21:27:36,599 [INFO] PIPELINE COMPLETE
2026-07-13 21:27:36,607 [INFO] Log saved to: reports/auto_update_20260713.log
2026-07-13 21:27:36,607 [INFO] ============================================================
2026-07-13 21:27:36,618 [INFO] Opened Excel: C:\Users\Lenovo\Desktop\test.py\reports\WicketKeepers_latest.xlsx
