2026-07-23 21:25:05,824 [INFO] 
2026-07-23 21:25:05,824 [INFO] 
2026-07-23 21:25:05,824 [INFO] ============================================================
2026-07-23 21:25:05,824 [INFO] AUTO UPDATE PIPELINE — 2026-07-23 21:25:05
2026-07-23 21:25:05,826 [INFO] ============================================================
2026-07-23 21:25:05,826 [INFO] ============================================================
2026-07-23 21:25:05,826 [INFO] START: Player Stats (batting + bowling)
2026-07-23 21:25:05,826 [INFO] ============================================================
2026-07-23 21:25:34,311 [INFO] Found 61 teams
2026-07-23 21:25:39,351 [INFO] Batting records: 1555, Bowling records: 988
2026-07-23 21:25:55,196 [INFO] FINISH: Player Stats (batting + bowling) — OK
2026-07-23 21:25:55,196 [INFO] ============================================================
2026-07-23 21:25:55,196 [INFO] START: Keeper Stats (pipeline)
2026-07-23 21:25:55,202 [INFO] ============================================================
2026-07-23 21:30:20,110 [INFO] Appended 299 keeper rows to reports/WicketKeepers_latest.xlsx
2026-07-23 21:30:36,680 [INFO] Uploaded keeper data. Total processed matches: 150
2026-07-23 21:30:36,680 [INFO] FINISH: Keeper Stats (pipeline) — OK
2026-07-23 21:30:36,680 [INFO] ============================================================
2026-07-23 21:30:36,680 [INFO] START: Google Sheet sync
2026-07-23 21:30:36,683 [INFO] ============================================================
2026-07-23 21:30:50,900 [INFO] Google Sheet synced (451 unique players)
2026-07-23 21:30:50,906 [INFO] FINISH: Google Sheet sync — OK
2026-07-23 21:30:50,906 [INFO] ============================================================
2026-07-23 21:30:50,909 [INFO] START: Email daily report
2026-07-23 21:30:50,911 [INFO] ============================================================
2026-07-23 21:31:02,661 [INFO] Email sent to Sureshkutam@gmail.com
2026-07-23 21:31:02,661 [INFO] FINISH: Email daily report — OK
2026-07-23 21:31:02,661 [INFO] ============================================================
2026-07-23 21:31:02,661 [INFO] PIPELINE COMPLETE
2026-07-23 21:31:02,661 [INFO] Log saved to: reports/auto_update_20260723.log
2026-07-23 21:31:02,661 [INFO] ============================================================
2026-07-23 21:31:02,774 [INFO] Opened Excel: C:\Users\Lenovo\Desktop\test.py\reports\WicketKeepers_latest.xlsx
